<?xml version="1.0" encoding="UTF-8"?>
<!-- Generated by org.testng.reporters.JUnitReportReporter -->
<testsuite hostname="tusshar" failures="0" tests="2" name="com.test.LoginPageTest" time="21.489" errors="0" timestamp="2024-05-11T01:26:47 IST" skipped="0">
  <testcase classname="com.test.LoginPageTest" name="verifyLoginFailedOnInvalidCred" time="8.881"/>
  <system-out/>
  <testcase classname="com.test.LoginPageTest" name="verifyLoginSuccessfull" time="12.608"/>
  <system-out/>
</testsuite> <!-- com.test.LoginPageTest -->
