<?xml version="1.0" encoding="UTF-8"?>
<!-- Generated by org.testng.reporters.JUnitReportReporter -->
<testsuite hostname="tusshar" failures="0" tests="3" name="com.test.ProductPageTest" time="19.844" errors="0" timestamp="2024-05-10T23:36:28 IST" skipped="0">
  <testcase classname="com.test.ProductPageTest" name="verifySpecification" time="5.955"/>
  <system-out/>
  <testcase classname="com.test.ProductPageTest" name="verifyIsReviewSubmittedWithoutLogIn" time="8.583"/>
  <system-out/>
  <testcase classname="com.test.ProductPageTest" name="verifyDescriptionText" time="5.306"/>
  <system-out/>
</testsuite> <!-- com.test.ProductPageTest -->
