<?xml version="1.0" encoding="UTF-8"?>
<!-- Generated by org.testng.reporters.JUnitReportReporter -->
<testsuite hostname="tusshar" failures="0" tests="2" name="com.test.LoginPageTest" time="17.455" errors="0" timestamp="2024-05-03T19:15:53 IST" skipped="0">
  <testcase classname="com.test.LoginPageTest" name="verifyLoginSuccessfull" time="8.754"/>
  <system-out/>
  <testcase classname="com.test.LoginPageTest" name="verifyLoginFailedOnInvalidCred" time="8.701"/>
  <system-out/>
</testsuite> <!-- com.test.LoginPageTest -->
