<?xml version="1.0" encoding="UTF-8"?>
<!-- Generated by org.testng.reporters.JUnitReportReporter -->
<testsuite hostname="tusshar" failures="0" tests="9" name="com.test.SearchPageTest" time="71.031" errors="0" timestamp="2024-05-04T00:45:18 IST" skipped="0">
  <testcase classname="com.test.SearchPageTest" name="verifyDevicesWithCategory" time="5.608"/>
  <system-out/>
  <testcase classname="com.test.SearchPageTest" name="verifySearchResults" time="6.497"/>
  <system-out/>
  <testcase classname="com.test.SearchPageTest" name="verifySortByPriceLowToHigh" time="6.689"/>
  <system-out/>
  <testcase classname="com.test.SearchPageTest" name="verifySearchResults" time="8.669"/>
  <system-out/>
  <testcase classname="com.test.SearchPageTest" name="verifyDevicesWithCategory" time="11.438"/>
  <system-out/>
  <testcase classname="com.test.SearchPageTest" name="verifySearchResults" time="10.796"/>
  <system-out/>
  <testcase classname="com.test.SearchPageTest" name="verifySortByDescendingOrder" time="4.873"/>
  <system-out/>
  <testcase classname="com.test.SearchPageTest" name="verifyDevicesWithCategory" time="8.245"/>
  <system-out/>
  <testcase classname="com.test.SearchPageTest" name="verifySortByPriceHighToLow" time="8.216"/>
  <system-out/>
</testsuite> <!-- com.test.SearchPageTest -->
