<?xml version="1.0" encoding="UTF-8"?>
<!-- Generated by org.testng.reporters.JUnitReportReporter -->
<testsuite hostname="tusshar" failures="0" tests="4" name="com.test.ProductPageTest" time="27.764" errors="0" timestamp="2024-05-11T01:26:47 IST" skipped="0">
  <testcase classname="com.test.ProductPageTest" name="verifyBlankReviewText" time="6.108"/>
  <system-out/>
  <testcase classname="com.test.ProductPageTest" name="verifyDescriptionText" time="5.149"/>
  <system-out/>
  <testcase classname="com.test.ProductPageTest" name="verifySpecification" time="5.459"/>
  <system-out/>
  <testcase classname="com.test.ProductPageTest" name="verifyIsReviewSubmittedWithoutLogIn" time="11.048"/>
  <system-out/>
</testsuite> <!-- com.test.ProductPageTest -->
