<?xml version="1.0" encoding="UTF-8"?>
<!-- Generated by org.testng.reporters.JUnitReportReporter -->
<testsuite hostname="tusshar" failures="0" tests="9" name="com.test.SearchPageTest" time="92.038" errors="0" timestamp="2024-05-04T00:29:45 IST" skipped="0">
  <testcase classname="com.test.SearchPageTest" name="verifySortByPriceLowToHigh" time="5.737"/>
  <system-out/>
  <testcase classname="com.test.SearchPageTest" name="verifySearchResults" time="10.495"/>
  <system-out/>
  <testcase classname="com.test.SearchPageTest" name="verifySortByDescendingOrder" time="14.038"/>
  <system-out/>
  <testcase classname="com.test.SearchPageTest" name="verifyDevicesWithCategory" time="10.441"/>
  <system-out/>
  <testcase classname="com.test.SearchPageTest" name="verifyDevicesWithCategory" time="13.352"/>
  <system-out/>
  <testcase classname="com.test.SearchPageTest" name="verifySortByPriceHighToLow" time="9.707"/>
  <system-out/>
  <testcase classname="com.test.SearchPageTest" name="verifyDevicesWithCategory" time="7.820"/>
  <system-out/>
  <testcase classname="com.test.SearchPageTest" name="verifySearchResults" time="10.287"/>
  <system-out/>
  <testcase classname="com.test.SearchPageTest" name="verifySearchResults" time="10.161"/>
  <system-out/>
</testsuite> <!-- com.test.SearchPageTest -->
