<?xml version="1.0" encoding="UTF-8"?>
<!-- Generated by org.testng.reporters.JUnitReportReporter -->
<testsuite hostname="tusshar" failures="0" tests="1" name="com.test.ProductPageTest" time="5.385" errors="0" timestamp="2024-05-09T13:11:03 IST" skipped="0">
  <testcase classname="com.test.ProductPageTest" name="verifyDescriptionText" time="5.385"/>
  <system-out/>
</testsuite> <!-- com.test.ProductPageTest -->
