<?xml version="1.0" encoding="UTF-8"?>
<!-- Generated by org.testng.reporters.JUnitReportReporter -->
<testsuite hostname="tusshar" failures="0" tests="1" name="com.test.LoginPageTest" time="10.003" errors="0" timestamp="2024-05-08T19:24:52 IST" skipped="0">
  <testcase classname="com.test.LoginPageTest" name="verifyLoginSuccessfull" time="10.003"/>
  <system-out/>
</testsuite> <!-- com.test.LoginPageTest -->
