<?xml version="1.0" encoding="UTF-8"?>
<!-- Generated by org.testng.reporters.JUnitReportReporter -->
<testsuite hostname="tusshar" failures="0" tests="10" name="com.test.SearchPageTest" time="88.511" errors="0" timestamp="2024-05-11T11:26:58 IST" skipped="1">
  <testcase classname="com.test.SearchPageTest" name="verifyDevicesWithCategory" time="5.460"/>
  <system-out/>
  <testcase classname="com.test.SearchPageTest" name="verifySortByPriceLowToHigh" time="4.560"/>
  <system-out/>
  <testcase classname="com.test.SearchPageTest" name="verifySearchResults" time="4.888"/>
  <system-out/>
  <testcase classname="com.test.SearchPageTest" name="verifyDevicesWithCategory" time="5.868"/>
  <system-out/>
  <testcase classname="com.test.SearchPageTest" name="verifySearchResults" time="4.485"/>
  <system-out/>
  <testcase classname="com.test.SearchPageTest" name="verifySortByDescendingOrder" time="4.553"/>
  <system-out/>
  <testcase classname="com.test.SearchPageTest" name="verifyDevicesWithCategory" time="3.448">
    <skipped/>
  </testcase> <!-- verifyDevicesWithCategory -->
  <system-out/>
  <testcase classname="com.test.SearchPageTest" name="verifyDevicesWithCategory" time="5.083"/>
  <system-out/>
  <testcase classname="com.test.SearchPageTest" name="verifySearchResults" time="4.367"/>
  <system-out/>
  <testcase classname="com.test.SearchPageTest" name="verifySortByPriceHighToLow" time="45.799"/>
  <system-out/>
</testsuite> <!-- com.test.SearchPageTest -->
