<?xml version="1.0" encoding="UTF-8"?>
<!-- Generated by org.testng.reporters.JUnitReportReporter -->
<testsuite hostname="tusshar" failures="0" tests="2" name="com.test.LoginPageTest" time="29.121" errors="0" timestamp="2024-05-07T17:24:08 IST" skipped="0">
  <testcase classname="com.test.LoginPageTest" name="verifyLoginSuccessfull" time="19.894"/>
  <system-out/>
  <testcase classname="com.test.LoginPageTest" name="verifyLoginFailedOnInvalidCred" time="9.227"/>
  <system-out/>
</testsuite> <!-- com.test.LoginPageTest -->
