<?xml version="1.0" encoding="UTF-8"?>
<!-- Generated by org.testng.reporters.JUnitReportReporter -->
<testsuite hostname="tusshar" failures="0" tests="9" name="com.test.SearchPageTest" time="51.245" errors="0" timestamp="2024-05-10T23:36:28 IST" skipped="0">
  <testcase classname="com.test.SearchPageTest" name="verifyDevicesWithCategory" time="5.668"/>
  <system-out/>
  <testcase classname="com.test.SearchPageTest" name="verifySortByPriceLowToHigh" time="5.483"/>
  <system-out/>
  <testcase classname="com.test.SearchPageTest" name="verifyDevicesWithCategory" time="5.832"/>
  <system-out/>
  <testcase classname="com.test.SearchPageTest" name="verifySearchResults" time="5.361"/>
  <system-out/>
  <testcase classname="com.test.SearchPageTest" name="verifySortByDescendingOrder" time="8.361"/>
  <system-out/>
  <testcase classname="com.test.SearchPageTest" name="verifySearchResults" time="5.238"/>
  <system-out/>
  <testcase classname="com.test.SearchPageTest" name="verifySearchResults" time="5.251"/>
  <system-out/>
  <testcase classname="com.test.SearchPageTest" name="verifySortByPriceHighToLow" time="4.388"/>
  <system-out/>
  <testcase classname="com.test.SearchPageTest" name="verifyDevicesWithCategory" time="5.663"/>
  <system-out/>
</testsuite> <!-- com.test.SearchPageTest -->
