<?xml version="1.0" encoding="UTF-8"?>
<!-- Generated by org.testng.reporters.JUnitReportReporter -->
<testsuite hostname="tusshar" failures="0" tests="4" name="com.test.ProductPageTest" time="21.486" errors="0" timestamp="2024-05-11T11:26:58 IST" skipped="0">
  <testcase classname="com.test.ProductPageTest" name="verifyDescriptionText" time="4.801"/>
  <system-out/>
  <testcase classname="com.test.ProductPageTest" name="verifyBlankReviewText" time="5.279"/>
  <system-out/>
  <testcase classname="com.test.ProductPageTest" name="verifyIsReviewSubmittedWithoutLogIn" time="6.184"/>
  <system-out/>
  <testcase classname="com.test.ProductPageTest" name="verifySpecification" time="5.222"/>
  <system-out/>
</testsuite> <!-- com.test.ProductPageTest -->
