<?xml version="1.0" encoding="UTF-8"?>
<!-- Generated by org.testng.reporters.JUnitReportReporter -->
<testsuite hostname="tusshar" failures="0" tests="2" name="com.test.LoginPageTest" time="12.753" errors="0" timestamp="2024-05-11T11:26:58 IST" skipped="0">
  <testcase classname="com.test.LoginPageTest" name="verifyLoginFailedOnInvalidCred" time="5.303"/>
  <system-out/>
  <testcase classname="com.test.LoginPageTest" name="verifyLoginSuccessfull" time="7.450"/>
  <system-out/>
</testsuite> <!-- com.test.LoginPageTest -->
