<?xml version="1.0" encoding="UTF-8"?>
<!-- Generated by org.testng.reporters.JUnitReportReporter -->
<testsuite hostname="tusshar" failures="0" tests="12" name="com.test.SearchPageTest" time="129.926" errors="0" timestamp="2024-05-07T17:24:08 IST" skipped="3">
  <testcase classname="com.test.SearchPageTest" name="verifyDevicesWithCategory" time="9.138"/>
  <system-out/>
  <testcase classname="com.test.SearchPageTest" name="verifySearchResults" time="10.281"/>
  <system-out/>
  <testcase classname="com.test.SearchPageTest" name="verifyDevicesWithCategory" time="9.493">
    <skipped/>
  </testcase> <!-- verifyDevicesWithCategory -->
  <system-out/>
  <testcase classname="com.test.SearchPageTest" name="verifySortByPriceHighToLow" time="8.859"/>
  <system-out/>
  <testcase classname="com.test.SearchPageTest" name="verifySearchResults" time="10.020"/>
  <system-out/>
  <testcase classname="com.test.SearchPageTest" name="verifyDevicesWithCategory" time="10.413"/>
  <system-out/>
  <testcase classname="com.test.SearchPageTest" name="verifyDevicesWithCategory" time="20.827"/>
  <system-out/>
  <testcase classname="com.test.SearchPageTest" name="verifySortByPriceLowToHigh" time="8.726"/>
  <system-out/>
  <testcase classname="com.test.SearchPageTest" name="verifyDevicesWithCategory" time="10.589">
    <skipped/>
  </testcase> <!-- verifyDevicesWithCategory -->
  <system-out/>
  <testcase classname="com.test.SearchPageTest" name="verifyDevicesWithCategory" time="13.238">
    <skipped/>
  </testcase> <!-- verifyDevicesWithCategory -->
  <system-out/>
  <testcase classname="com.test.SearchPageTest" name="verifySearchResults" time="8.814"/>
  <system-out/>
  <testcase classname="com.test.SearchPageTest" name="verifySortByDescendingOrder" time="9.528"/>
  <system-out/>
</testsuite> <!-- com.test.SearchPageTest -->
