<?xml version="1.0" encoding="UTF-8"?>
<!-- Generated by org.testng.reporters.JUnitReportReporter -->
<testsuite hostname="tusshar" failures="0" tests="2" name="com.test.LoginPageTest" time="17.286" errors="0" timestamp="2024-05-05T05:43:58 IST" skipped="0">
  <testcase classname="com.test.LoginPageTest" name="verifyLoginSuccessfull" time="6.572"/>
  <system-out/>
  <testcase classname="com.test.LoginPageTest" name="verifyLoginFailedOnInvalidCred" time="10.714"/>
  <system-out/>
</testsuite> <!-- com.test.LoginPageTest -->
