<?xml version="1.0" encoding="UTF-8"?>
<!-- Generated by org.testng.reporters.JUnitReportReporter -->
<testsuite hostname="tusshar" failures="0" tests="2" name="com.test.LoginPageTest" time="23.482" errors="0" timestamp="2024-05-04T00:29:45 IST" skipped="0">
  <testcase classname="com.test.LoginPageTest" name="verifyLoginFailedOnInvalidCred" time="11.968"/>
  <system-out/>
  <testcase classname="com.test.LoginPageTest" name="verifyLoginSuccessfull" time="11.514"/>
  <system-out/>
</testsuite> <!-- com.test.LoginPageTest -->
