<?xml version="1.0" encoding="UTF-8"?>
<!-- Generated by org.testng.reporters.JUnitReportReporter -->
<testsuite hostname="tusshar" failures="0" tests="2" name="com.test.LoginPageTest" time="19.565" errors="0" timestamp="2024-05-04T01:30:07 IST" skipped="0">
  <testcase classname="com.test.LoginPageTest" name="verifyLoginFailedOnInvalidCred" time="6.103"/>
  <system-out/>
  <testcase classname="com.test.LoginPageTest" name="verifyLoginSuccessfull" time="13.462"/>
  <system-out/>
</testsuite> <!-- com.test.LoginPageTest -->
