<?xml version="1.0" encoding="UTF-8"?>
<!-- Generated by org.testng.reporters.JUnitReportReporter -->
<testsuite hostname="tusshar" failures="0" tests="2" name="com.test.LoginPageTest" time="15.296" errors="0" timestamp="2024-05-09T13:11:03 IST" skipped="0">
  <testcase classname="com.test.LoginPageTest" name="verifyLoginFailedOnInvalidCred" time="5.386"/>
  <system-out/>
  <testcase classname="com.test.LoginPageTest" name="verifyLoginSuccessfull" time="9.910"/>
  <system-out/>
</testsuite> <!-- com.test.LoginPageTest -->
