<?xml version="1.0" encoding="UTF-8"?>
<!-- Generated by org.testng.reporters.JUnitReportReporter -->
<testsuite hostname="tusshar" failures="0" tests="1" name="com.test.LoginPageTest" time="20.529" errors="0" timestamp="2024-05-07T22:39:35 IST" skipped="0">
  <testcase classname="com.test.LoginPageTest" name="verifyLoginSuccessfull" time="20.529"/>
  <system-out/>
</testsuite> <!-- com.test.LoginPageTest -->
